localetoast_setting_plugin/build/outputs/mapping/release/mapping.txt
com.yourcompany.yoursetting.Constants -> com.yourcompany.yoursetting.a:
    int getVersionCode(android.content.Context) -> a
com.yourcompany.yoursetting.PluginApplication -> com.yourcompany.yoursetting.PluginApplication:
    void <init>() -> <init>
    void onCreate() -> onCreate
com.yourcompany.yoursetting.TaskerPlugin -> com.yourcompany.yoursetting.b:
    java.util.regex.Pattern VARIABLE_NAME_MATCH_PATTERN -> a
    int[] lastRandomsSeen -> b
    int randomInsertPointer -> c
    java.security.SecureRandom sr -> d
    java.lang.Object getBundleValueSafe(android.os.Bundle,java.lang.String,java.lang.Class,java.lang.String) -> a
    java.lang.Object getExtraValueSafe(android.content.Intent,java.lang.String,java.lang.Class,java.lang.String) -> b
    java.lang.Object access$100(android.content.Intent,java.lang.String,java.lang.Class,java.lang.String) -> a
    void <clinit>() -> <clinit>
com.yourcompany.yoursetting.TaskerPlugin$Setting -> com.yourcompany.yoursetting.c:
    boolean signalFinish(android.content.Context,android.content.Intent,int,android.os.Bundle) -> a
com.yourcompany.yoursetting.bundle.BundleScrubber -> com.yourcompany.yoursetting.a.a:
    boolean scrub(android.content.Intent) -> a
    boolean scrub(android.os.Bundle) -> a
com.yourcompany.yoursetting.bundle.PluginBundleManager -> com.yourcompany.yoursetting.a.b:
    boolean isBundleValid(android.os.Bundle) -> a
    android.os.Bundle generateBundle(android.content.Context,java.lang.String) -> a
com.yourcompany.yoursetting.receiver.CallQpythonActivity -> com.yourcompany.yoursetting.receiver.CallQpythonActivity:
    java.lang.String extPlgPlusName -> a
    int SCRIPT_EXEC_PY -> b
    android.content.Intent fireIntentFromHost -> c
    void <init>() -> <init>
    void onCreate(android.os.Bundle) -> onCreate
    void QPyExec(java.lang.String) -> a
    void onActivityResult(int,int,android.content.Intent) -> onActivityResult
com.yourcompany.yoursetting.receiver.FireReceiver -> com.yourcompany.yoursetting.receiver.FireReceiver:
    int SCRIPT_EXEC_PY -> a
    java.lang.String extPlgPlusName -> b
    void <init>() -> <init>
    void onReceive(android.content.Context,android.content.Intent) -> onReceive
    boolean checkAppInstalledByName(android.content.Context,java.lang.String) -> a
    void QPyExec(android.content.Context,java.lang.String,android.content.Intent) -> a
com.yourcompany.yoursetting.receiver.MyIntentService -> com.yourcompany.yoursetting.receiver.MyIntentService:
    boolean flag -> a
    android.os.PowerManager$WakeLock mWakeLock -> b
    boolean mReflectFlg -> c
    java.lang.Class[] mSetForegroundSignature -> d
    java.lang.Class[] mStartForegroundSignature -> e
    java.lang.Class[] mStopForegroundSignature -> f
    android.app.NotificationManager mNM -> g
    java.lang.reflect.Method mSetForeground -> h
    java.lang.reflect.Method mStartForeground -> i
    java.lang.reflect.Method mStopForeground -> j
    java.lang.Object[] mSetForegroundArgs -> k
    java.lang.Object[] mStartForegroundArgs -> l
    java.lang.Object[] mStopForegroundArgs -> m
    android.app.Notification notification -> n
    void <init>() -> <init>
    void onCreate() -> onCreate
    void startActionFoo(android.content.Context,java.lang.String,java.lang.String) -> a
    void onHandleIntent(android.content.Intent) -> onHandleIntent
    void handleActionFoo(java.lang.String,java.lang.String) -> a
    int onStartCommand(android.content.Intent,int,int) -> onStartCommand
    void onDestroy() -> onDestroy
    void invokeMethod(java.lang.reflect.Method,java.lang.Object[]) -> a
    void startForegroundCompat(int,android.app.Notification) -> a
    void stopForegroundCompat(int) -> a
    void clearNotification() -> a
    void <clinit>() -> <clinit>
com.yourcompany.yoursetting.receiver.MyReceiver -> com.yourcompany.yoursetting.receiver.MyReceiver:
    void <init>() -> <init>
    void onReceive(android.content.Context,android.content.Intent) -> onReceive
...
com.twofortyfouram.locale.BreadCrumber -> com.a.a.a:
    java.lang.CharSequence generateBreadcrumb(android.content.Context,android.content.Intent,java.lang.String) -> a
com.twofortyfouram.locale.PackageUtilities -> com.a.a.b:
    java.util.Set COMPATIBLE_PACKAGES -> a
    java.util.Set constructPackageSet() -> a
    java.lang.String getCompatiblePackage(android.content.pm.PackageManager,java.lang.String) -> a
    void <clinit>() -> <clinit>
com.twofortyfouram.locale.api.R -> com.a.a.a.a:
com.twofortyfouram.locale.api.R$string -> com.a.a.a.b:
    int twofortyfouram_locale_breadcrumb_format -> twofortyfouram_locale_breadcrumb_format
    int twofortyfouram_locale_breadcrumb_separator -> twofortyfouram_locale_breadcrumb_separator
    int twofortyfouram_locale_menu_dontsave -> twofortyfouram_locale_menu_dontsave
    int twofortyfouram_locale_menu_help -> twofortyfouram_locale_menu_help
    int twofortyfouram_locale_menu_save -> twofortyfouram_locale_menu_save