localetoast_setting_plugin/build/outputs/mapping/release/usage.txt
com.yourcompany.yoursetting.BuildConfig
com.yourcompany.yoursetting.Constants:
    public static final java.lang.String LOG_TAG
    public static final boolean IS_LOGGABLE
    public static final boolean IS_PARAMETER_CHECKING_ENABLED
    public static final boolean IS_CORRECT_THREAD_CHECKING_ENABLED
    83:84:private Constants()
com.yourcompany.yoursetting.PluginApplication:
    61:62:private static void enableApiLevel9Debugging()
    67:69:private static void enableApiLevel11Debugging()
com.yourcompany.yoursetting.R
com.yourcompany.yoursetting.R$attr
com.yourcompany.yoursetting.R$dimen
com.yourcompany.yoursetting.R$drawable
com.yourcompany.yoursetting.R$id
com.yourcompany.yoursetting.R$integer
com.yourcompany.yoursetting.R$layout
com.yourcompany.yoursetting.R$menu
com.yourcompany.yoursetting.R$string
com.yourcompany.yoursetting.R$style
com.yourcompany.yoursetting.TaskerPlugin:
    private static final java.lang.String TAG
    private static final java.lang.String BASE_KEY
    private static final java.lang.String EXTRAS_PREFIX
    private static final int FIRST_ON_FIRE_VARIABLES_TASKER_VERSION
    public static final java.lang.String VARIABLE_PREFIX
    private static final int RANDOM_HISTORY_SIZE
    public static final java.lang.String ACTION_EDIT_EVENT
    private static final java.lang.String VARIABLE_NAME_START_EXPRESSION
    private static final java.lang.String VARIABLE_NAME_MID_EXPRESSION
    private static final java.lang.String VARIABLE_NAME_END_EXPRESSION
    public static final java.lang.String VARIABLE_NAME_MAIN_PART_MATCH_EXPRESSION
    public static final java.lang.String VARIABLE_NAME_MATCH_EXPRESSION
    private static final java.lang.String EXTRA_VARIABLES_BUNDLE
    private static final java.lang.String EXTRA_HOST_CAPABILITIES
    public static final int EXTRA_HOST_CAPABILITY_SETTING_RETURN_VARIABLES
    public static final int EXTRA_HOST_CAPABILITY_CONDITION_RETURN_VARIABLES
    public static final int EXTRA_HOST_CAPABILITY_SETTING_FIRE_VARIABLE_REPLACEMENT
    private static final int EXTRA_HOST_CAPABILITY_RELEVANT_VARIABLES
    public static final int EXTRA_HOST_CAPABILITY_SETTING_SYNCHRONOUS_EXECUTION
    public static final int EXTRA_HOST_CAPABILITY_REQUEST_QUERY_DATA_PASS_THROUGH
    public static final int EXTRA_HOST_CAPABILITY_ALL
com.yourcompany.yoursetting.TaskerPlugin$Condition
com.yourcompany.yoursetting.TaskerPlugin$Event
com.yourcompany.yoursetting.TaskerPlugin$Host
com.yourcompany.yoursetting.TaskerPlugin$Setting:
    public static final java.lang.String VARNAME_ERROR_MESSAGE
    private static final java.lang.String BUNDLE_KEY_VARIABLE_REPLACE_STRINGS
    private static final java.lang.String EXTRA_REQUESTED_TIMEOUT
    public static final int REQUESTED_TIMEOUT_MS_NONE
    public static final int REQUESTED_TIMEOUT_MS_MAX
    public static final int REQUESTED_TIMEOUT_MS_NEVER
    private static final java.lang.String EXTRA_PLUGIN_COMPLETION_INTENT
    public static final java.lang.String EXTRA_RESULT_CODE
    public static final int RESULT_CODE_OK
    public static final int RESULT_CODE_OK_MINOR_FAILURES
    public static final int RESULT_CODE_FAILED
    public static final int RESULT_CODE_PENDING
    public static final int RESULT_CODE_UNKNOWN
    public static final int RESULT_CODE_FAILED_PLUGIN_FIRST
    239:239:public TaskerPlugin$Setting()
    326:326:public static boolean hostSupportsOnFireVariableReplacement(android.os.Bundle)
    343:355:public static boolean hostSupportsOnFireVariableReplacement(android.app.Activity)
    359:359:public static boolean hostSupportsSynchronousExecution(android.os.Bundle)
    377:389:public static void requestTimeoutMS(android.content.Intent,int)
    402:421:public static void setVariableReplaceKeys(android.os.Bundle,java.lang.String[])
    432:432:public static boolean hostSupportsVariableReturn(android.os.Bundle)
    500:512:public static int getHintTimeoutMS(android.os.Bundle)
...
com.twofortyfouram.locale.BreadCrumber:
    87:88:private BreadCrumber()
com.twofortyfouram.locale.Constants
com.twofortyfouram.locale.Intent
com.twofortyfouram.locale.PackageUtilities:
    29:29:public PackageUtilities()
com.twofortyfouram.locale.api.BuildConfig
com.twofortyfouram.locale.api.R:
    9:9:public R()
com.twofortyfouram.locale.api.R$drawable
com.twofortyfouram.locale.api.R$id
com.twofortyfouram.locale.api.R$integer
com.twofortyfouram.locale.api.R$menu
com.twofortyfouram.locale.api.R$string:
    26:26:public R$string()
com.twofortyfouram.locale.api.R$style